CRITICAL - 2022-12-20 01:20:05 --> Undefined array key "idsub"
in APPPATH\Views\sub\index.php on line 72.
 1 APPPATH\Views\sub\index.php(72): CodeIgniter\Debug\Exceptions->errorHandler(2, 'Undefined array key "idsub"', 'APPPATH\\Views\\sub\\index.php', 72)
 2 SYSTEMPATH\View\View.php(213): include('APPPATH\\Views\\sub\\index.php')
 3 SYSTEMPATH\View\View.php(216): CodeIgniter\View\View->CodeIgniter\View\{closure}()
 4 SYSTEMPATH\Common.php(1134): CodeIgniter\View\View->render('/sub/index.php', [], true)
 5 APPPATH\Controllers\Sub.php(26): view('/sub/index.php', [...])
 6 SYSTEMPATH\CodeIgniter.php(927): App\Controllers\Sub->index()
 7 SYSTEMPATH\CodeIgniter.php(482): CodeIgniter\CodeIgniter->runController(Object(App\Controllers\Sub))
 8 SYSTEMPATH\CodeIgniter.php(351): CodeIgniter\CodeIgniter->handleRequest(null, Object(Config\Cache), false)
 9 FCPATH\index.php(67): CodeIgniter\CodeIgniter->run()
10 SYSTEMPATH\Commands\Server\rewrite.php(46): require_once('FCPATH\\index.php')
CRITICAL - 2022-12-20 01:20:16 --> Undefined array key "idsub"
in APPPATH\Views\sub\index.php on line 72.
 1 APPPATH\Views\sub\index.php(72): CodeIgniter\Debug\Exceptions->errorHandler(2, 'Undefined array key "idsub"', 'APPPATH\\Views\\sub\\index.php', 72)
 2 SYSTEMPATH\View\View.php(213): include('APPPATH\\Views\\sub\\index.php')
 3 SYSTEMPATH\View\View.php(216): CodeIgniter\View\View->CodeIgniter\View\{closure}()
 4 SYSTEMPATH\Common.php(1134): CodeIgniter\View\View->render('/sub/index.php', [], true)
 5 APPPATH\Controllers\Sub.php(26): view('/sub/index.php', [...])
 6 SYSTEMPATH\CodeIgniter.php(927): App\Controllers\Sub->index()
 7 SYSTEMPATH\CodeIgniter.php(482): CodeIgniter\CodeIgniter->runController(Object(App\Controllers\Sub))
 8 SYSTEMPATH\CodeIgniter.php(351): CodeIgniter\CodeIgniter->handleRequest(null, Object(Config\Cache), false)
 9 FCPATH\index.php(67): CodeIgniter\CodeIgniter->run()
10 SYSTEMPATH\Commands\Server\rewrite.php(46): require_once('FCPATH\\index.php')
CRITICAL - 2022-12-20 01:21:12 --> Undefined array key "idsub"
in APPPATH\Views\sub\index.php on line 72.
 1 APPPATH\Views\sub\index.php(72): CodeIgniter\Debug\Exceptions->errorHandler(2, 'Undefined array key "idsub"', 'APPPATH\\Views\\sub\\index.php', 72)
 2 SYSTEMPATH\View\View.php(213): include('APPPATH\\Views\\sub\\index.php')
 3 SYSTEMPATH\View\View.php(216): CodeIgniter\View\View->CodeIgniter\View\{closure}()
 4 SYSTEMPATH\Common.php(1134): CodeIgniter\View\View->render('/sub/index.php', [], true)
 5 APPPATH\Controllers\Sub.php(26): view('/sub/index.php', [...])
 6 SYSTEMPATH\CodeIgniter.php(927): App\Controllers\Sub->index()
 7 SYSTEMPATH\CodeIgniter.php(482): CodeIgniter\CodeIgniter->runController(Object(App\Controllers\Sub))
 8 SYSTEMPATH\CodeIgniter.php(351): CodeIgniter\CodeIgniter->handleRequest(null, Object(Config\Cache), false)
 9 FCPATH\index.php(67): CodeIgniter\CodeIgniter->run()
10 SYSTEMPATH\Commands\Server\rewrite.php(46): require_once('FCPATH\\index.php')
CRITICAL - 2022-12-20 01:21:37 --> Undefined array key "idsub"
in APPPATH\Views\sub\index.php on line 72.
 1 APPPATH\Views\sub\index.php(72): CodeIgniter\Debug\Exceptions->errorHandler(2, 'Undefined array key "idsub"', 'APPPATH\\Views\\sub\\index.php', 72)
 2 SYSTEMPATH\View\View.php(213): include('APPPATH\\Views\\sub\\index.php')
 3 SYSTEMPATH\View\View.php(216): CodeIgniter\View\View->CodeIgniter\View\{closure}()
 4 SYSTEMPATH\Common.php(1134): CodeIgniter\View\View->render('/sub/index.php', [], true)
 5 APPPATH\Controllers\Sub.php(26): view('/sub/index.php', [...])
 6 SYSTEMPATH\CodeIgniter.php(927): App\Controllers\Sub->index()
 7 SYSTEMPATH\CodeIgniter.php(482): CodeIgniter\CodeIgniter->runController(Object(App\Controllers\Sub))
 8 SYSTEMPATH\CodeIgniter.php(351): CodeIgniter\CodeIgniter->handleRequest(null, Object(Config\Cache), false)
 9 FCPATH\index.php(67): CodeIgniter\CodeIgniter->run()
10 SYSTEMPATH\Commands\Server\rewrite.php(46): require_once('FCPATH\\index.php')
CRITICAL - 2022-12-20 01:34:46 --> Too few arguments to function App\Controllers\Kriteria::hapus(), 0 passed in C:\xampp\htdocs\nang\vendor\codeigniter4\framework\system\CodeIgniter.php on line 927 and exactly 1 expected
in APPPATH\Controllers\Kriteria.php on line 34.
 1 SYSTEMPATH\CodeIgniter.php(927): App\Controllers\Kriteria->hapus()
 2 SYSTEMPATH\CodeIgniter.php(482): CodeIgniter\CodeIgniter->runController(Object(App\Controllers\Kriteria))
 3 SYSTEMPATH\CodeIgniter.php(351): CodeIgniter\CodeIgniter->handleRequest(null, Object(Config\Cache), false)
 4 FCPATH\index.php(67): CodeIgniter\CodeIgniter->run()
 5 SYSTEMPATH\Commands\Server\rewrite.php(46): require_once('FCPATH\\index.php')
CRITICAL - 2022-12-20 01:42:46 --> Too few arguments to function App\Controllers\Kriteria::hapus(), 0 passed in C:\xampp\htdocs\nang\vendor\codeigniter4\framework\system\CodeIgniter.php on line 927 and exactly 1 expected
in APPPATH\Controllers\Kriteria.php on line 34.
 1 SYSTEMPATH\CodeIgniter.php(927): App\Controllers\Kriteria->hapus()
 2 SYSTEMPATH\CodeIgniter.php(482): CodeIgniter\CodeIgniter->runController(Object(App\Controllers\Kriteria))
 3 SYSTEMPATH\CodeIgniter.php(351): CodeIgniter\CodeIgniter->handleRequest(null, Object(Config\Cache), false)
 4 FCPATH\index.php(67): CodeIgniter\CodeIgniter->run()
 5 SYSTEMPATH\Commands\Server\rewrite.php(46): require_once('FCPATH\\index.php')
CRITICAL - 2022-12-20 01:42:57 --> Object of class App\Models\DokumenModel could not be converted to string
in APPPATH\Controllers\Dokumen.php on line 35.
 1 SYSTEMPATH\CodeIgniter.php(927): App\Controllers\Dokumen->tambah()
 2 SYSTEMPATH\CodeIgniter.php(482): CodeIgniter\CodeIgniter->runController(Object(App\Controllers\Dokumen))
 3 SYSTEMPATH\CodeIgniter.php(351): CodeIgniter\CodeIgniter->handleRequest(null, Object(Config\Cache), false)
 4 FCPATH\index.php(67): CodeIgniter\CodeIgniter->run()
 5 SYSTEMPATH\Commands\Server\rewrite.php(46): require_once('FCPATH\\index.php')
CRITICAL - 2022-12-20 01:44:42 --> Object of class App\Models\DokumenModel could not be converted to string
in APPPATH\Controllers\Dokumen.php on line 35.
 1 SYSTEMPATH\CodeIgniter.php(927): App\Controllers\Dokumen->tambah()
 2 SYSTEMPATH\CodeIgniter.php(482): CodeIgniter\CodeIgniter->runController(Object(App\Controllers\Dokumen))
 3 SYSTEMPATH\CodeIgniter.php(351): CodeIgniter\CodeIgniter->handleRequest(null, Object(Config\Cache), false)
 4 FCPATH\index.php(67): CodeIgniter\CodeIgniter->run()
 5 SYSTEMPATH\Commands\Server\rewrite.php(46): require_once('FCPATH\\index.php')
CRITICAL - 2022-12-20 01:49:13 --> Object of class App\Models\DokumenModel could not be converted to string
in APPPATH\Controllers\Dokumen.php on line 35.
 1 SYSTEMPATH\CodeIgniter.php(927): App\Controllers\Dokumen->tambah()
 2 SYSTEMPATH\CodeIgniter.php(482): CodeIgniter\CodeIgniter->runController(Object(App\Controllers\Dokumen))
 3 SYSTEMPATH\CodeIgniter.php(351): CodeIgniter\CodeIgniter->handleRequest(null, Object(Config\Cache), false)
 4 FCPATH\index.php(67): CodeIgniter\CodeIgniter->run()
 5 SYSTEMPATH\Commands\Server\rewrite.php(46): require_once('FCPATH\\index.php')
CRITICAL - 2022-12-20 01:49:25 --> Object of class App\Models\DokumenModel could not be converted to string
in APPPATH\Controllers\Dokumen.php on line 35.
 1 SYSTEMPATH\CodeIgniter.php(927): App\Controllers\Dokumen->tambah()
 2 SYSTEMPATH\CodeIgniter.php(482): CodeIgniter\CodeIgniter->runController(Object(App\Controllers\Dokumen))
 3 SYSTEMPATH\CodeIgniter.php(351): CodeIgniter\CodeIgniter->handleRequest(null, Object(Config\Cache), false)
 4 FCPATH\index.php(67): CodeIgniter\CodeIgniter->run()
 5 SYSTEMPATH\Commands\Server\rewrite.php(46): require_once('FCPATH\\index.php')
